  [1m[36m (66.0ms)[0m  [1mCREATE TABLE "schema_migrations" ("version" varchar NOT NULL) [0m
  [1m[35m (0.1ms)[0m  select sqlite_version(*)
  [1m[36m (53.6ms)[0m  [1mCREATE UNIQUE INDEX "unique_schema_migrations" ON "schema_migrations" ("version")[0m
  [1m[35mActiveRecord::SchemaMigration Load (0.1ms)[0m  SELECT "schema_migrations".* FROM "schema_migrations"
Migrating to CreateMovies (20150809022253)
  [1m[36m (0.1ms)[0m  [1mbegin transaction[0m
DEPRECATION WARNING: `#timestamps` was called without specifying an option for `null`. In Rails 5, this behavior will change to `null: false`. You should manually specify `null: true` to prevent the behavior of your existing migrations from changing. (called from block in change at /home/codio/workspace/CS169-Chips5-3/db/migrate/20150809022253_create_movies.rb:10)
  [1m[35m (0.4ms)[0m  CREATE TABLE "movies" ("id" INTEGER PRIMARY KEY AUTOINCREMENT NOT NULL, "title" varchar, "rating" varchar, "description" text, "release_date" datetime, "created_at" datetime, "updated_at" datetime) 
  [1m[36mSQL (0.2ms)[0m  [1mINSERT INTO "schema_migrations" ("version") VALUES (?)[0m  [["version", "20150809022253"]]
  [1m[35m (52.3ms)[0m  commit transaction
  [1m[36mActiveRecord::SchemaMigration Load (0.1ms)[0m  [1mSELECT "schema_migrations".* FROM "schema_migrations"[0m
  [1m[36mActiveRecord::SchemaMigration Load (0.1ms)[0m  [1mSELECT "schema_migrations".* FROM "schema_migrations"[0m
  [1m[35m (0.1ms)[0m  begin transaction
  [1m[36mSQL (0.3ms)[0m  [1mINSERT INTO "movies" ("title", "rating", "release_date", "created_at", "updated_at") VALUES (?, ?, ?, ?, ?)[0m  [["title", "Aladdin"], ["rating", "G"], ["release_date", "1992-11-25 00:00:00.000000"], ["created_at", "2022-10-03 05:49:43.187873"], ["updated_at", "2022-10-03 05:49:43.187873"]]
  [1m[35m (126.3ms)[0m  commit transaction
  [1m[36m (0.1ms)[0m  [1mbegin transaction[0m
  [1m[35mSQL (0.2ms)[0m  INSERT INTO "movies" ("title", "rating", "release_date", "created_at", "updated_at") VALUES (?, ?, ?, ?, ?)  [["title", "The Terminator"], ["rating", "R"], ["release_date", "1984-10-26 00:00:00.000000"], ["created_at", "2022-10-03 05:49:43.316514"], ["updated_at", "2022-10-03 05:49:43.316514"]]
  [1m[36m (57.3ms)[0m  [1mcommit transaction[0m
  [1m[35m (0.1ms)[0m  begin transaction
  [1m[36mSQL (0.2ms)[0m  [1mINSERT INTO "movies" ("title", "rating", "release_date", "created_at", "updated_at") VALUES (?, ?, ?, ?, ?)[0m  [["title", "When Harry Met Sally"], ["rating", "R"], ["release_date", "1989-07-21 00:00:00.000000"], ["created_at", "2022-10-03 05:49:43.375645"], ["updated_at", "2022-10-03 05:49:43.375645"]]
  [1m[35m (54.4ms)[0m  commit transaction
  [1m[36m (0.1ms)[0m  [1mbegin transaction[0m
  [1m[35mSQL (0.2ms)[0m  INSERT INTO "movies" ("title", "rating", "release_date", "created_at", "updated_at") VALUES (?, ?, ?, ?, ?)  [["title", "The Help"], ["rating", "PG-13"], ["release_date", "2011-08-10 00:00:00.000000"], ["created_at", "2022-10-03 05:49:43.431997"], ["updated_at", "2022-10-03 05:49:43.431997"]]
  [1m[36m (52.2ms)[0m  [1mcommit transaction[0m
  [1m[35m (0.1ms)[0m  begin transaction
  [1m[36mSQL (0.2ms)[0m  [1mINSERT INTO "movies" ("title", "rating", "release_date", "created_at", "updated_at") VALUES (?, ?, ?, ?, ?)[0m  [["title", "Chocolat"], ["rating", "PG-13"], ["release_date", "2001-01-05 00:00:00.000000"], ["created_at", "2022-10-03 05:49:43.486140"], ["updated_at", "2022-10-03 05:49:43.486140"]]
  [1m[35m (51.2ms)[0m  commit transaction
  [1m[36m (0.1ms)[0m  [1mbegin transaction[0m
  [1m[35mSQL (0.2ms)[0m  INSERT INTO "movies" ("title", "rating", "release_date", "created_at", "updated_at") VALUES (?, ?, ?, ?, ?)  [["title", "Amelie"], ["rating", "R"], ["release_date", "2001-04-25 00:00:00.000000"], ["created_at", "2022-10-03 05:49:43.539105"], ["updated_at", "2022-10-03 05:49:43.539105"]]
  [1m[36m (54.8ms)[0m  [1mcommit transaction[0m
  [1m[35m (0.1ms)[0m  begin transaction
  [1m[36mSQL (0.3ms)[0m  [1mINSERT INTO "movies" ("title", "rating", "release_date", "created_at", "updated_at") VALUES (?, ?, ?, ?, ?)[0m  [["title", "2001: A Space Odyssey"], ["rating", "G"], ["release_date", "1968-04-06 00:00:00.000000"], ["created_at", "2022-10-03 05:49:43.595738"], ["updated_at", "2022-10-03 05:49:43.595738"]]
  [1m[35m (54.8ms)[0m  commit transaction
  [1m[36m (0.1ms)[0m  [1mbegin transaction[0m
  [1m[35mSQL (0.2ms)[0m  INSERT INTO "movies" ("title", "rating", "release_date", "created_at", "updated_at") VALUES (?, ?, ?, ?, ?)  [["title", "The Incredibles"], ["rating", "PG"], ["release_date", "2004-11-05 00:00:00.000000"], ["created_at", "2022-10-03 05:49:43.652355"], ["updated_at", "2022-10-03 05:49:43.652355"]]
  [1m[36m (52.3ms)[0m  [1mcommit transaction[0m
  [1m[35m (0.1ms)[0m  begin transaction
  [1m[36mSQL (0.2ms)[0m  [1mINSERT INTO "movies" ("title", "rating", "release_date", "created_at", "updated_at") VALUES (?, ?, ?, ?, ?)[0m  [["title", "Raiders of the Lost Ark"], ["rating", "PG"], ["release_date", "1981-06-12 00:00:00.000000"], ["created_at", "2022-10-03 05:49:43.706604"], ["updated_at", "2022-10-03 05:49:43.706604"]]
  [1m[35m (56.1ms)[0m  commit transaction
  [1m[36m (0.1ms)[0m  [1mbegin transaction[0m
  [1m[35mSQL (0.2ms)[0m  INSERT INTO "movies" ("title", "rating", "release_date", "created_at", "updated_at") VALUES (?, ?, ?, ?, ?)  [["title", "Chicken Run"], ["rating", "G"], ["release_date", "2000-06-21 00:00:00.000000"], ["created_at", "2022-10-03 05:49:43.764580"], ["updated_at", "2022-10-03 05:49:43.764580"]]
  [1m[36m (50.4ms)[0m  [1mcommit transaction[0m


Started GET "/" for 2601:644:401:55c0:c07c:2e2c:166b:b24e at 2022-10-03 05:50:18 +0000
Cannot render console from 2601:644:401:55c0:c07c:2e2c:166b:b24e! Allowed networks: 127.0.0.1, ::1, 127.0.0.0/127.255.255.255
  [1m[36mActiveRecord::SchemaMigration Load (0.1ms)[0m  [1mSELECT "schema_migrations".* FROM "schema_migrations"[0m
Processing by MoviesController#index as HTML
  [1m[35mMovie Load (0.2ms)[0m  SELECT "movies".* FROM "movies"
  Rendered movies/index.html.erb within layouts/application (7.9ms)
  Rendered layouts/_flash.erb (0.5ms)
Completed 200 OK in 339ms (Views: 337.3ms | ActiveRecord: 0.4ms)


Started GET "/assets/application.self-377610cd7c1509e934744c810e3b4cf672dfbcacac3274e7d039827e2ae0fcc7.js?body=1" for 2601:644:401:55c0:c07c:2e2c:166b:b24e at 2022-10-03 05:50:19 +0000
Cannot render console from 2601:644:401:55c0:c07c:2e2c:166b:b24e! Allowed networks: 127.0.0.1, ::1, 127.0.0.0/127.255.255.255


Started GET "/assets/jquery_ujs.self-784a997f6726036b1993eb2217c9cb558e1cbb801c6da88105588c56f13b466a.js?body=1" for 2601:644:401:55c0:c07c:2e2c:166b:b24e at 2022-10-03 05:50:19 +0000
Cannot render console from 2601:644:401:55c0:c07c:2e2c:166b:b24e! Allowed networks: 127.0.0.1, ::1, 127.0.0.0/127.255.255.255


Started GET "/assets/jquery.self-bd7ddd393353a8d2480a622e80342adf488fb6006d667e8b42e4c0073393abee.js?body=1" for 2601:644:401:55c0:c07c:2e2c:166b:b24e at 2022-10-03 05:50:19 +0000
Cannot render console from 2601:644:401:55c0:c07c:2e2c:166b:b24e! Allowed networks: 127.0.0.1, ::1, 127.0.0.0/127.255.255.255


Started GET "/assets/application.self-e80e8f2318043e8af94dddc2adad5a4f09739a8ebb323b3ab31cd71d45fd9113.css?body=1" for 2601:644:401:55c0:c07c:2e2c:166b:b24e at 2022-10-03 05:50:19 +0000
Cannot render console from 2601:644:401:55c0:c07c:2e2c:166b:b24e! Allowed networks: 127.0.0.1, ::1, 127.0.0.0/127.255.255.255


Started GET "/" for 2601:644:401:55c0:c07c:2e2c:166b:b24e at 2022-10-03 22:47:53 +0000
Cannot render console from 2601:644:401:55c0:c07c:2e2c:166b:b24e! Allowed networks: 127.0.0.1, ::1, 127.0.0.0/127.255.255.255
  [1m[36mActiveRecord::SchemaMigration Load (0.2ms)[0m  [1mSELECT "schema_migrations".* FROM "schema_migrations"[0m
Processing by MoviesController#index as HTML
  [1m[35mMovie Load (0.2ms)[0m  SELECT "movies".* FROM "movies"
  Rendered movies/index.html.erb within layouts/application (8.1ms)
  Rendered layouts/_flash.erb (0.4ms)
Completed 200 OK in 228ms (Views: 226.6ms | ActiveRecord: 0.5ms)


Started GET "/assets/jquery.self-bd7ddd393353a8d2480a622e80342adf488fb6006d667e8b42e4c0073393abee.js?body=1" for 2601:644:401:55c0:c07c:2e2c:166b:b24e at 2022-10-03 22:47:54 +0000
Cannot render console from 2601:644:401:55c0:c07c:2e2c:166b:b24e! Allowed networks: 127.0.0.1, ::1, 127.0.0.0/127.255.255.255


Started GET "/assets/jquery_ujs.self-784a997f6726036b1993eb2217c9cb558e1cbb801c6da88105588c56f13b466a.js?body=1" for 2601:644:401:55c0:c07c:2e2c:166b:b24e at 2022-10-03 22:47:54 +0000
Cannot render console from 2601:644:401:55c0:c07c:2e2c:166b:b24e! Allowed networks: 127.0.0.1, ::1, 127.0.0.0/127.255.255.255


Started GET "/" for 2601:644:401:55c0:c07c:2e2c:166b:b24e at 2022-10-03 23:25:46 +0000
Cannot render console from 2601:644:401:55c0:c07c:2e2c:166b:b24e! Allowed networks: 127.0.0.1, ::1, 127.0.0.0/127.255.255.255
Processing by MoviesController#index as HTML
  Rendered movies/index.html.erb within layouts/application (15.0ms)
Completed 500 Internal Server Error in 21ms (ActiveRecord: 0.0ms)

ActionView::Template::Error (undefined method `each' for nil:NilClass):
    4: <%#  Part 2: Start here... %>
    5: <%= form_tag movies_path, method: :get, id: 'ratings_form' do %>
    6:   Include:
    7:   <% @all_ratings.each do |rating| %>
    8:     <div class="form-check  form-check-inline">
    9:       <%= label_tag "ratings[#{rating}]", rating, class: 'form-check-label' %>
   10:       <%= check_box_tag "ratings[#{rating}]", "1",  @ratings_to_show.include?(rating), class: 'form-check-input' %>
  app/views/movies/index.html.erb:7:in `block in _app_views_movies_index_html_erb__895070318279158518_47392163304300'
  app/views/movies/index.html.erb:5:in `_app_views_movies_index_html_erb__895070318279158518_47392163304300'


  Rendered /home/codio/.rvm/gems/ruby-2.6.6/gems/actionpack-4.2.11/lib/action_dispatch/middleware/templates/rescues/_source.erb (6.2ms)
  Rendered /home/codio/.rvm/gems/ruby-2.6.6/gems/actionpack-4.2.11/lib/action_dispatch/middleware/templates/rescues/_trace.html.erb (2.6ms)
  Rendered /home/codio/.rvm/gems/ruby-2.6.6/gems/actionpack-4.2.11/lib/action_dispatch/middleware/templates/rescues/_request_and_response.html.erb (1.0ms)
  Rendered /home/codio/.rvm/gems/ruby-2.6.6/gems/actionpack-4.2.11/lib/action_dispatch/middleware/templates/rescues/template_error.html.erb within rescues/layout (19.1ms)


Started GET "/" for 2601:644:401:55c0:c07c:2e2c:166b:b24e at 2022-10-03 23:36:13 +0000
Cannot render console from 2601:644:401:55c0:c07c:2e2c:166b:b24e! Allowed networks: 127.0.0.1, ::1, 127.0.0.0/127.255.255.255
Processing by MoviesController#index as HTML
  Rendered movies/index.html.erb within layouts/application (1.8ms)
Completed 500 Internal Server Error in 6ms (ActiveRecord: 0.0ms)

ActionView::Template::Error (undefined method `each' for nil:NilClass):
    4: <%#  Part 2: Start here... %>
    5: <%= form_tag movies_path, method: :get, id: 'ratings_form' do %>
    6:   Include:
    7:   <% @all_ratings.each do |rating| %>
    8:     <div class="form-check  form-check-inline">
    9:       <%= label_tag "ratings[#{rating}]", rating, class: 'form-check-label' %>
   10:       <%= check_box_tag "ratings[#{rating}]", "1",  @ratings_to_show.include?(rating), class: 'form-check-input' %>
  app/views/movies/index.html.erb:7:in `block in _app_views_movies_index_html_erb__895070318279158518_47392163304300'
  app/views/movies/index.html.erb:5:in `_app_views_movies_index_html_erb__895070318279158518_47392163304300'


  Rendered /home/codio/.rvm/gems/ruby-2.6.6/gems/actionpack-4.2.11/lib/action_dispatch/middleware/templates/rescues/_source.erb (6.0ms)
  Rendered /home/codio/.rvm/gems/ruby-2.6.6/gems/actionpack-4.2.11/lib/action_dispatch/middleware/templates/rescues/_trace.html.erb (2.8ms)
  Rendered /home/codio/.rvm/gems/ruby-2.6.6/gems/actionpack-4.2.11/lib/action_dispatch/middleware/templates/rescues/_request_and_response.html.erb (1.0ms)
  Rendered /home/codio/.rvm/gems/ruby-2.6.6/gems/actionpack-4.2.11/lib/action_dispatch/middleware/templates/rescues/template_error.html.erb within rescues/layout (17.9ms)


Started GET "/" for 2601:644:401:55c0:c07c:2e2c:166b:b24e at 2022-10-03 23:37:46 +0000
Cannot render console from 2601:644:401:55c0:c07c:2e2c:166b:b24e! Allowed networks: 127.0.0.1, ::1, 127.0.0.0/127.255.255.255
Processing by MoviesController#index as HTML
  Rendered movies/index.html.erb within layouts/application (1.8ms)
Completed 500 Internal Server Error in 6ms (ActiveRecord: 0.0ms)

ActionView::Template::Error (undefined method `each' for nil:NilClass):
    4: <%#  Part 2: Start here... %>
    5: <%= form_tag movies_path, method: :get, id: 'ratings_form' do %>
    6:   Include:
    7:   <% @all_ratings.each do |rating| %>
    8:     <div class="form-check  form-check-inline">
    9:       <%= label_tag "ratings[#{rating}]", rating, class: 'form-check-label' %>
   10:       <%= check_box_tag "ratings[#{rating}]", "1",  @ratings_to_show.include?(rating), class: 'form-check-input' %>
  app/views/movies/index.html.erb:7:in `block in _app_views_movies_index_html_erb__895070318279158518_47392163304300'
  app/views/movies/index.html.erb:5:in `_app_views_movies_index_html_erb__895070318279158518_47392163304300'


  Rendered /home/codio/.rvm/gems/ruby-2.6.6/gems/actionpack-4.2.11/lib/action_dispatch/middleware/templates/rescues/_source.erb (5.9ms)
  Rendered /home/codio/.rvm/gems/ruby-2.6.6/gems/actionpack-4.2.11/lib/action_dispatch/middleware/templates/rescues/_trace.html.erb (2.6ms)
  Rendered /home/codio/.rvm/gems/ruby-2.6.6/gems/actionpack-4.2.11/lib/action_dispatch/middleware/templates/rescues/_request_and_response.html.erb (1.0ms)
  Rendered /home/codio/.rvm/gems/ruby-2.6.6/gems/actionpack-4.2.11/lib/action_dispatch/middleware/templates/rescues/template_error.html.erb within rescues/layout (16.8ms)


Started GET "/" for 2601:644:401:55c0:c07c:2e2c:166b:b24e at 2022-10-03 23:41:08 +0000
Cannot render console from 2601:644:401:55c0:c07c:2e2c:166b:b24e! Allowed networks: 127.0.0.1, ::1, 127.0.0.0/127.255.255.255

ActionController::RoutingError (undefined local variable or method `params' for MoviesController:Class):
  app/controllers/movies_controller.rb:2:in `<class:MoviesController>'
  app/controllers/movies_controller.rb:1:in `<top (required)>'


  Rendered /home/codio/.rvm/gems/ruby-2.6.6/gems/actionpack-4.2.11/lib/action_dispatch/middleware/templates/rescues/_trace.html.erb (2.0ms)
  Rendered /home/codio/.rvm/gems/ruby-2.6.6/gems/actionpack-4.2.11/lib/action_dispatch/middleware/templates/routes/_route.html.erb (0.9ms)
  Rendered /home/codio/.rvm/gems/ruby-2.6.6/gems/actionpack-4.2.11/lib/action_dispatch/middleware/templates/routes/_table.html.erb (15.2ms)
  Rendered /home/codio/.rvm/gems/ruby-2.6.6/gems/actionpack-4.2.11/lib/action_dispatch/middleware/templates/rescues/_request_and_response.html.erb (1.5ms)
  Rendered /home/codio/.rvm/gems/ruby-2.6.6/gems/actionpack-4.2.11/lib/action_dispatch/middleware/templates/rescues/routing_error.html.erb within rescues/layout (32.5ms)


Started GET "/" for 2601:644:401:55c0:c07c:2e2c:166b:b24e at 2022-10-03 23:44:12 +0000
Cannot render console from 2601:644:401:55c0:c07c:2e2c:166b:b24e! Allowed networks: 127.0.0.1, ::1, 127.0.0.0/127.255.255.255

ActionController::RoutingError (undefined local variable or method `params' for MoviesController:Class):
  app/controllers/movies_controller.rb:2:in `<class:MoviesController>'
  app/controllers/movies_controller.rb:1:in `<top (required)>'


  Rendered /home/codio/.rvm/gems/ruby-2.6.6/gems/actionpack-4.2.11/lib/action_dispatch/middleware/templates/rescues/_trace.html.erb (1.7ms)
  Rendered /home/codio/.rvm/gems/ruby-2.6.6/gems/actionpack-4.2.11/lib/action_dispatch/middleware/templates/routes/_route.html.erb (0.8ms)
  Rendered /home/codio/.rvm/gems/ruby-2.6.6/gems/actionpack-4.2.11/lib/action_dispatch/middleware/templates/routes/_table.html.erb (0.9ms)
  Rendered /home/codio/.rvm/gems/ruby-2.6.6/gems/actionpack-4.2.11/lib/action_dispatch/middleware/templates/rescues/_request_and_response.html.erb (1.0ms)
  Rendered /home/codio/.rvm/gems/ruby-2.6.6/gems/actionpack-4.2.11/lib/action_dispatch/middleware/templates/rescues/routing_error.html.erb within rescues/layout (13.9ms)


Started GET "/" for 2601:644:401:55c0:c07c:2e2c:166b:b24e at 2022-10-03 23:44:47 +0000
Cannot render console from 2601:644:401:55c0:c07c:2e2c:166b:b24e! Allowed networks: 127.0.0.1, ::1, 127.0.0.0/127.255.255.255
Processing by MoviesController#index as HTML
  Rendered movies/index.html.erb within layouts/application (1.6ms)
Completed 500 Internal Server Error in 6ms (ActiveRecord: 0.0ms)

ActionView::Template::Error (undefined method `each' for nil:NilClass):
    4: <%#  Part 2: Start here... %>
    5: <%= form_tag movies_path, method: :get, id: 'ratings_form' do %>
    6:   Include:
    7:   <% @all_ratings.each do |rating| %>
    8:     <div class="form-check  form-check-inline">
    9:       <%= label_tag "ratings[#{rating}]", rating, class: 'form-check-label' %>
   10:       <%= check_box_tag "ratings[#{rating}]", "1",  @ratings_to_show.include?(rating), class: 'form-check-input' %>
  app/views/movies/index.html.erb:7:in `block in _app_views_movies_index_html_erb__895070318279158518_47392163304300'
  app/views/movies/index.html.erb:5:in `_app_views_movies_index_html_erb__895070318279158518_47392163304300'


  Rendered /home/codio/.rvm/gems/ruby-2.6.6/gems/actionpack-4.2.11/lib/action_dispatch/middleware/templates/rescues/_source.erb (5.9ms)
  Rendered /home/codio/.rvm/gems/ruby-2.6.6/gems/actionpack-4.2.11/lib/action_dispatch/middleware/templates/rescues/_trace.html.erb (3.4ms)
  Rendered /home/codio/.rvm/gems/ruby-2.6.6/gems/actionpack-4.2.11/lib/action_dispatch/middleware/templates/rescues/_request_and_response.html.erb (1.6ms)
  Rendered /home/codio/.rvm/gems/ruby-2.6.6/gems/actionpack-4.2.11/lib/action_dispatch/middleware/templates/rescues/template_error.html.erb within rescues/layout (19.4ms)


Started GET "/" for 2601:644:401:55c0:c07c:2e2c:166b:b24e at 2022-10-03 23:45:54 +0000
Cannot render console from 2601:644:401:55c0:c07c:2e2c:166b:b24e! Allowed networks: 127.0.0.1, ::1, 127.0.0.0/127.255.255.255
Processing by MoviesController#index as HTML
  [1m[36mMovie Load (0.3ms)[0m  [1mSELECT "movies".* FROM "movies"[0m
  Rendered movies/index.html.erb within layouts/application (7.0ms)
  Rendered layouts/_flash.erb (0.1ms)
Completed 200 OK in 15ms (Views: 13.7ms | ActiveRecord: 0.6ms)


Started GET "/" for 2601:644:401:55c0:c07c:2e2c:166b:b24e at 2022-10-03 23:47:40 +0000
Cannot render console from 2601:644:401:55c0:c07c:2e2c:166b:b24e! Allowed networks: 127.0.0.1, ::1, 127.0.0.0/127.255.255.255
Processing by MoviesController#index as HTML
  Rendered movies/index.html.erb within layouts/application (3.8ms)
Completed 500 Internal Server Error in 12ms (ActiveRecord: 0.0ms)

ActionView::Template::Error (undefined method `each' for nil:NilClass):
    4: <%#  Part 2: Start here... %>
    5: <%= form_tag movies_path, method: :get, id: 'ratings_form' do %>
    6:   Include:
    7:   <% @all_ratings.each do |rating| %>
    8:     <div class="form-check  form-check-inline">
    9:       <%= label_tag "ratings[#{rating}]", rating, class: 'form-check-label' %>
   10:       <%= check_box_tag "ratings[#{rating}]", "1",  @ratings_to_show.include?(rating), class: 'form-check-input' %>
  app/views/movies/index.html.erb:7:in `block in _app_views_movies_index_html_erb__895070318279158518_70005837929580'
  app/views/movies/index.html.erb:5:in `_app_views_movies_index_html_erb__895070318279158518_70005837929580'


  Rendered /home/codio/.rvm/gems/ruby-2.6.6/gems/actionpack-4.2.11/lib/action_dispatch/middleware/templates/rescues/_source.erb (8.6ms)
  Rendered /home/codio/.rvm/gems/ruby-2.6.6/gems/actionpack-4.2.11/lib/action_dispatch/middleware/templates/rescues/_trace.html.erb (3.5ms)
  Rendered /home/codio/.rvm/gems/ruby-2.6.6/gems/actionpack-4.2.11/lib/action_dispatch/middleware/templates/rescues/_request_and_response.html.erb (1.6ms)
  Rendered /home/codio/.rvm/gems/ruby-2.6.6/gems/actionpack-4.2.11/lib/action_dispatch/middleware/templates/rescues/template_error.html.erb within rescues/layout (24.8ms)


Started GET "/" for 2601:644:401:55c0:c07c:2e2c:166b:b24e at 2022-10-03 23:47:56 +0000
Cannot render console from 2601:644:401:55c0:c07c:2e2c:166b:b24e! Allowed networks: 127.0.0.1, ::1, 127.0.0.0/127.255.255.255
Processing by MoviesController#index as HTML
  Rendered movies/index.html.erb within layouts/application (1.8ms)
Completed 500 Internal Server Error in 27ms (ActiveRecord: 0.0ms)

ActionView::Template::Error (undefined method `each' for nil:NilClass):
    4: <%#  Part 2: Start here... %>
    5: <%= form_tag movies_path, method: :get, id: 'ratings_form' do %>
    6:   Include:
    7:   <% @all_ratings.each do |rating| %>
    8:     <div class="form-check  form-check-inline">
    9:       <%= label_tag "ratings[#{rating}]", rating, class: 'form-check-label' %>
   10:       <%= check_box_tag "ratings[#{rating}]", "1",  @ratings_to_show.include?(rating), class: 'form-check-input' %>
  app/views/movies/index.html.erb:7:in `block in _app_views_movies_index_html_erb__895070318279158518_70005837929580'
  app/views/movies/index.html.erb:5:in `_app_views_movies_index_html_erb__895070318279158518_70005837929580'


  Rendered /home/codio/.rvm/gems/ruby-2.6.6/gems/actionpack-4.2.11/lib/action_dispatch/middleware/templates/rescues/_source.erb (5.9ms)
  Rendered /home/codio/.rvm/gems/ruby-2.6.6/gems/actionpack-4.2.11/lib/action_dispatch/middleware/templates/rescues/_trace.html.erb (2.7ms)
  Rendered /home/codio/.rvm/gems/ruby-2.6.6/gems/actionpack-4.2.11/lib/action_dispatch/middleware/templates/rescues/_request_and_response.html.erb (1.2ms)
  Rendered /home/codio/.rvm/gems/ruby-2.6.6/gems/actionpack-4.2.11/lib/action_dispatch/middleware/templates/rescues/template_error.html.erb within rescues/layout (17.3ms)


Started GET "/" for 2601:644:401:55c0:c07c:2e2c:166b:b24e at 2022-10-03 23:48:51 +0000
Cannot render console from 2601:644:401:55c0:c07c:2e2c:166b:b24e! Allowed networks: 127.0.0.1, ::1, 127.0.0.0/127.255.255.255
Processing by MoviesController#index as HTML
  Rendered movies/index.html.erb within layouts/application (1.7ms)
Completed 500 Internal Server Error in 6ms (ActiveRecord: 0.0ms)

ActionView::Template::Error (undefined method `each' for nil:NilClass):
    4: <%#  Part 2: Start here... %>
    5: <%= form_tag movies_path, method: :get, id: 'ratings_form' do %>
    6:   Include:
    7:   <% @all_ratings.each do |rating| %>
    8:     <div class="form-check  form-check-inline">
    9:       <%= label_tag "ratings[#{rating}]", rating, class: 'form-check-label' %>
   10:       <%= check_box_tag "ratings[#{rating}]", "1",  @ratings_to_show.include?(rating), class: 'form-check-input' %>
  app/views/movies/index.html.erb:7:in `block in _app_views_movies_index_html_erb__895070318279158518_70005837929580'
  app/views/movies/index.html.erb:5:in `_app_views_movies_index_html_erb__895070318279158518_70005837929580'


  Rendered /home/codio/.rvm/gems/ruby-2.6.6/gems/actionpack-4.2.11/lib/action_dispatch/middleware/templates/rescues/_source.erb (7.2ms)
  Rendered /home/codio/.rvm/gems/ruby-2.6.6/gems/actionpack-4.2.11/lib/action_dispatch/middleware/templates/rescues/_trace.html.erb (2.8ms)
  Rendered /home/codio/.rvm/gems/ruby-2.6.6/gems/actionpack-4.2.11/lib/action_dispatch/middleware/templates/rescues/_request_and_response.html.erb (1.1ms)
  Rendered /home/codio/.rvm/gems/ruby-2.6.6/gems/actionpack-4.2.11/lib/action_dispatch/middleware/templates/rescues/template_error.html.erb within rescues/layout (19.9ms)


Started GET "/" for 2601:644:401:55c0:c07c:2e2c:166b:b24e at 2022-10-03 23:49:33 +0000
Cannot render console from 2601:644:401:55c0:c07c:2e2c:166b:b24e! Allowed networks: 127.0.0.1, ::1, 127.0.0.0/127.255.255.255
Processing by MoviesController#index as HTML
  Rendered movies/index.html.erb within layouts/application (1.7ms)
Completed 500 Internal Server Error in 6ms (ActiveRecord: 0.0ms)

ActionView::Template::Error (undefined method `each' for nil:NilClass):
    4: <%#  Part 2: Start here... %>
    5: <%= form_tag movies_path, method: :get, id: 'ratings_form' do %>
    6:   Include:
    7:   <% @all_ratings.each do |rating| %>
    8:     <div class="form-check  form-check-inline">
    9:       <%= label_tag "ratings[#{rating}]", rating, class: 'form-check-label' %>
   10:       <%= check_box_tag "ratings[#{rating}]", "1",  @ratings_to_show.include?(rating), class: 'form-check-input' %>
  app/views/movies/index.html.erb:7:in `block in _app_views_movies_index_html_erb__895070318279158518_70005837929580'
  app/views/movies/index.html.erb:5:in `_app_views_movies_index_html_erb__895070318279158518_70005837929580'


  Rendered /home/codio/.rvm/gems/ruby-2.6.6/gems/actionpack-4.2.11/lib/action_dispatch/middleware/templates/rescues/_source.erb (5.7ms)
  Rendered /home/codio/.rvm/gems/ruby-2.6.6/gems/actionpack-4.2.11/lib/action_dispatch/middleware/templates/rescues/_trace.html.erb (2.5ms)
  Rendered /home/codio/.rvm/gems/ruby-2.6.6/gems/actionpack-4.2.11/lib/action_dispatch/middleware/templates/rescues/_request_and_response.html.erb (1.0ms)
  Rendered /home/codio/.rvm/gems/ruby-2.6.6/gems/actionpack-4.2.11/lib/action_dispatch/middleware/templates/rescues/template_error.html.erb within rescues/layout (16.1ms)


Started GET "/" for 2601:644:401:55c0:c07c:2e2c:166b:b24e at 2022-10-03 23:49:46 +0000
Cannot render console from 2601:644:401:55c0:c07c:2e2c:166b:b24e! Allowed networks: 127.0.0.1, ::1, 127.0.0.0/127.255.255.255
Processing by MoviesController#index as HTML
  Rendered movies/index.html.erb within layouts/application (1.6ms)
Completed 500 Internal Server Error in 6ms (ActiveRecord: 0.0ms)

ActionView::Template::Error (undefined method `each' for nil:NilClass):
    4: <%#  Part 2: Start here... %>
    5: <%= form_tag movies_path, method: :get, id: 'ratings_form' do %>
    6:   Include:
    7:   <% @all_ratings.each do |rating| %>
    8:     <div class="form-check  form-check-inline">
    9:       <%= label_tag "ratings[#{rating}]", rating, class: 'form-check-label' %>
   10:       <%= check_box_tag "ratings[#{rating}]", "1",  @ratings_to_show.include?(rating), class: 'form-check-input' %>
  app/views/movies/index.html.erb:7:in `block in _app_views_movies_index_html_erb__895070318279158518_70005837929580'
  app/views/movies/index.html.erb:5:in `_app_views_movies_index_html_erb__895070318279158518_70005837929580'


  Rendered /home/codio/.rvm/gems/ruby-2.6.6/gems/actionpack-4.2.11/lib/action_dispatch/middleware/templates/rescues/_source.erb (5.7ms)
  Rendered /home/codio/.rvm/gems/ruby-2.6.6/gems/actionpack-4.2.11/lib/action_dispatch/middleware/templates/rescues/_trace.html.erb (2.6ms)
  Rendered /home/codio/.rvm/gems/ruby-2.6.6/gems/actionpack-4.2.11/lib/action_dispatch/middleware/templates/rescues/_request_and_response.html.erb (1.0ms)
  Rendered /home/codio/.rvm/gems/ruby-2.6.6/gems/actionpack-4.2.11/lib/action_dispatch/middleware/templates/rescues/template_error.html.erb within rescues/layout (16.8ms)


Started GET "/" for 2601:644:401:55c0:c07c:2e2c:166b:b24e at 2022-10-03 23:50:14 +0000
Cannot render console from 2601:644:401:55c0:c07c:2e2c:166b:b24e! Allowed networks: 127.0.0.1, ::1, 127.0.0.0/127.255.255.255
Processing by MoviesController#index as HTML
  Rendered movies/index.html.erb within layouts/application (1.7ms)
Completed 500 Internal Server Error in 6ms (ActiveRecord: 0.0ms)

ActionView::Template::Error (undefined method `each' for nil:NilClass):
    4: <%#  Part 2: Start here... %>
    5: <%= form_tag movies_path, method: :get, id: 'ratings_form' do %>
    6:   Include:
    7:   <% @all_ratings.each do |rating| %>
    8:     <div class="form-check  form-check-inline">
    9:       <%= label_tag "ratings[#{rating}]", rating, class: 'form-check-label' %>
   10:       <%= check_box_tag "ratings[#{rating}]", "1",  @ratings_to_show.include?(rating), class: 'form-check-input' %>
  app/views/movies/index.html.erb:7:in `block in _app_views_movies_index_html_erb__895070318279158518_70005837929580'
  app/views/movies/index.html.erb:5:in `_app_views_movies_index_html_erb__895070318279158518_70005837929580'


  Rendered /home/codio/.rvm/gems/ruby-2.6.6/gems/actionpack-4.2.11/lib/action_dispatch/middleware/templates/rescues/_source.erb (5.9ms)
  Rendered /home/codio/.rvm/gems/ruby-2.6.6/gems/actionpack-4.2.11/lib/action_dispatch/middleware/templates/rescues/_trace.html.erb (2.8ms)
  Rendered /home/codio/.rvm/gems/ruby-2.6.6/gems/actionpack-4.2.11/lib/action_dispatch/middleware/templates/rescues/_request_and_response.html.erb (1.1ms)
  Rendered /home/codio/.rvm/gems/ruby-2.6.6/gems/actionpack-4.2.11/lib/action_dispatch/middleware/templates/rescues/template_error.html.erb within rescues/layout (17.4ms)


Started GET "/" for 2601:644:401:55c0:c07c:2e2c:166b:b24e at 2022-10-03 23:50:28 +0000
Cannot render console from 2601:644:401:55c0:c07c:2e2c:166b:b24e! Allowed networks: 127.0.0.1, ::1, 127.0.0.0/127.255.255.255
Processing by MoviesController#index as HTML
  Rendered movies/index.html.erb within layouts/application (1.6ms)
Completed 500 Internal Server Error in 6ms (ActiveRecord: 0.0ms)

ActionView::Template::Error (undefined method `each' for nil:NilClass):
    4: <%#  Part 2: Start here... %>
    5: <%= form_tag movies_path, method: :get, id: 'ratings_form' do %>
    6:   Include:
    7:   <% @all_ratings.each do |rating| %>
    8:     <div class="form-check  form-check-inline">
    9:       <%= label_tag "ratings[#{rating}]", rating, class: 'form-check-label' %>
   10:       <%= check_box_tag "ratings[#{rating}]", "1",  @ratings_to_show.include?(rating), class: 'form-check-input' %>
  app/views/movies/index.html.erb:7:in `block in _app_views_movies_index_html_erb__895070318279158518_70005837929580'
  app/views/movies/index.html.erb:5:in `_app_views_movies_index_html_erb__895070318279158518_70005837929580'


  Rendered /home/codio/.rvm/gems/ruby-2.6.6/gems/actionpack-4.2.11/lib/action_dispatch/middleware/templates/rescues/_source.erb (6.0ms)
  Rendered /home/codio/.rvm/gems/ruby-2.6.6/gems/actionpack-4.2.11/lib/action_dispatch/middleware/templates/rescues/_trace.html.erb (3.5ms)
  Rendered /home/codio/.rvm/gems/ruby-2.6.6/gems/actionpack-4.2.11/lib/action_dispatch/middleware/templates/rescues/_request_and_response.html.erb (1.1ms)
  Rendered /home/codio/.rvm/gems/ruby-2.6.6/gems/actionpack-4.2.11/lib/action_dispatch/middleware/templates/rescues/template_error.html.erb within rescues/layout (18.0ms)


Started GET "/" for 2601:644:401:55c0:c07c:2e2c:166b:b24e at 2022-10-03 23:50:32 +0000
Cannot render console from 2601:644:401:55c0:c07c:2e2c:166b:b24e! Allowed networks: 127.0.0.1, ::1, 127.0.0.0/127.255.255.255
Processing by MoviesController#index as HTML
  Rendered movies/index.html.erb within layouts/application (1.7ms)
Completed 500 Internal Server Error in 3ms (ActiveRecord: 0.0ms)

ActionView::Template::Error (undefined method `each' for nil:NilClass):
    4: <%#  Part 2: Start here... %>
    5: <%= form_tag movies_path, method: :get, id: 'ratings_form' do %>
    6:   Include:
    7:   <% @all_ratings.each do |rating| %>
    8:     <div class="form-check  form-check-inline">
    9:       <%= label_tag "ratings[#{rating}]", rating, class: 'form-check-label' %>
   10:       <%= check_box_tag "ratings[#{rating}]", "1",  @ratings_to_show.include?(rating), class: 'form-check-input' %>
  app/views/movies/index.html.erb:7:in `block in _app_views_movies_index_html_erb__895070318279158518_70005837929580'
  app/views/movies/index.html.erb:5:in `_app_views_movies_index_html_erb__895070318279158518_70005837929580'


  Rendered /home/codio/.rvm/gems/ruby-2.6.6/gems/actionpack-4.2.11/lib/action_dispatch/middleware/templates/rescues/_source.erb (5.6ms)
  Rendered /home/codio/.rvm/gems/ruby-2.6.6/gems/actionpack-4.2.11/lib/action_dispatch/middleware/templates/rescues/_trace.html.erb (2.4ms)
  Rendered /home/codio/.rvm/gems/ruby-2.6.6/gems/actionpack-4.2.11/lib/action_dispatch/middleware/templates/rescues/_request_and_response.html.erb (0.9ms)
  Rendered /home/codio/.rvm/gems/ruby-2.6.6/gems/actionpack-4.2.11/lib/action_dispatch/middleware/templates/rescues/template_error.html.erb within rescues/layout (16.0ms)


Started GET "/" for 2601:644:401:55c0:c07c:2e2c:166b:b24e at 2022-10-03 23:53:03 +0000
Cannot render console from 2601:644:401:55c0:c07c:2e2c:166b:b24e! Allowed networks: 127.0.0.1, ::1, 127.0.0.0/127.255.255.255
Processing by MoviesController#index as HTML
Completed 500 Internal Server Error in 8ms (ActiveRecord: 0.0ms)

NoMethodError (undefined method `all_ratings=' for MoviesController:Class):
  app/models/movie.rb:3:in `all_ratings'
  app/controllers/movies_controller.rb:11:in `index'


  Rendered /home/codio/.rvm/gems/ruby-2.6.6/gems/actionpack-4.2.11/lib/action_dispatch/middleware/templates/rescues/_source.erb (4.4ms)
  Rendered /home/codio/.rvm/gems/ruby-2.6.6/gems/actionpack-4.2.11/lib/action_dispatch/middleware/templates/rescues/_trace.html.erb (2.7ms)
  Rendered /home/codio/.rvm/gems/ruby-2.6.6/gems/actionpack-4.2.11/lib/action_dispatch/middleware/templates/rescues/_request_and_response.html.erb (1.6ms)
  Rendered /home/codio/.rvm/gems/ruby-2.6.6/gems/actionpack-4.2.11/lib/action_dispatch/middleware/templates/rescues/diagnostics.html.erb within rescues/layout (17.4ms)


Started GET "/" for 2601:644:401:55c0:c07c:2e2c:166b:b24e at 2022-10-03 23:53:16 +0000
Cannot render console from 2601:644:401:55c0:c07c:2e2c:166b:b24e! Allowed networks: 127.0.0.1, ::1, 127.0.0.0/127.255.255.255
Processing by MoviesController#index as HTML
  Rendered movies/index.html.erb within layouts/application (2.1ms)
Completed 500 Internal Server Error in 6ms (ActiveRecord: 0.0ms)

ActionView::Template::Error (undefined method `include?' for nil:NilClass):
     7:   <% @all_ratings.each do |rating| %>
     8:     <div class="form-check  form-check-inline">
     9:       <%= label_tag "ratings[#{rating}]", rating, class: 'form-check-label' %>
    10:       <%= check_box_tag "ratings[#{rating}]", "1",  @ratings_to_show.include?(rating), class: 'form-check-input' %>
    11:     </div>
    12:   <% end %>
    13:   <%= submit_tag 'Refresh', id: 'ratings_submit', class: 'btn btn-primary' %>
  app/views/movies/index.html.erb:10:in `block (2 levels) in _app_views_movies_index_html_erb__895070318279158518_70005837929580'
  app/views/movies/index.html.erb:7:in `each'
  app/views/movies/index.html.erb:7:in `block in _app_views_movies_index_html_erb__895070318279158518_70005837929580'
  app/views/movies/index.html.erb:5:in `_app_views_movies_index_html_erb__895070318279158518_70005837929580'


  Rendered /home/codio/.rvm/gems/ruby-2.6.6/gems/actionpack-4.2.11/lib/action_dispatch/middleware/templates/rescues/_source.erb (6.0ms)
  Rendered /home/codio/.rvm/gems/ruby-2.6.6/gems/actionpack-4.2.11/lib/action_dispatch/middleware/templates/rescues/_trace.html.erb (2.4ms)
  Rendered /home/codio/.rvm/gems/ruby-2.6.6/gems/actionpack-4.2.11/lib/action_dispatch/middleware/templates/rescues/_request_and_response.html.erb (1.0ms)
  Rendered /home/codio/.rvm/gems/ruby-2.6.6/gems/actionpack-4.2.11/lib/action_dispatch/middleware/templates/rescues/template_error.html.erb within rescues/layout (16.4ms)


Started GET "/" for 2601:644:401:55c0:c07c:2e2c:166b:b24e at 2022-10-03 23:53:33 +0000
Cannot render console from 2601:644:401:55c0:c07c:2e2c:166b:b24e! Allowed networks: 127.0.0.1, ::1, 127.0.0.0/127.255.255.255
Processing by MoviesController#index as HTML
Completed 500 Internal Server Error in 2ms (ActiveRecord: 0.0ms)

NoMethodError (undefined method `keys' for nil:NilClass):
  app/controllers/movies_controller.rb:11:in `index'


  Rendered /home/codio/.rvm/gems/ruby-2.6.6/gems/actionpack-4.2.11/lib/action_dispatch/middleware/templates/rescues/_source.erb (4.5ms)
  Rendered /home/codio/.rvm/gems/ruby-2.6.6/gems/actionpack-4.2.11/lib/action_dispatch/middleware/templates/rescues/_trace.html.erb (2.1ms)
  Rendered /home/codio/.rvm/gems/ruby-2.6.6/gems/actionpack-4.2.11/lib/action_dispatch/middleware/templates/rescues/_request_and_response.html.erb (1.0ms)
  Rendered /home/codio/.rvm/gems/ruby-2.6.6/gems/actionpack-4.2.11/lib/action_dispatch/middleware/templates/rescues/diagnostics.html.erb within rescues/layout (14.6ms)


Started GET "/" for 2601:644:401:55c0:c07c:2e2c:166b:b24e at 2022-10-03 23:57:47 +0000
Cannot render console from 2601:644:401:55c0:c07c:2e2c:166b:b24e! Allowed networks: 127.0.0.1, ::1, 127.0.0.0/127.255.255.255
Processing by MoviesController#index as HTML
  [1m[35mMovie Load (0.5ms)[0m  SELECT "movies".* FROM "movies"
  Rendered movies/index.html.erb within layouts/application (7.9ms)
  Rendered layouts/_flash.erb (0.1ms)
Completed 200 OK in 22ms (Views: 19.7ms | ActiveRecord: 1.0ms)


Started GET "/movies?utf8=%E2%9C%93&commit=Refresh" for 2601:644:401:55c0:c07c:2e2c:166b:b24e at 2022-10-03 23:57:51 +0000
Cannot render console from 2601:644:401:55c0:c07c:2e2c:166b:b24e! Allowed networks: 127.0.0.1, ::1, 127.0.0.0/127.255.255.255
Processing by MoviesController#index as HTML
  Parameters: {"utf8"=>"✓", "commit"=>"Refresh"}
  [1m[36mMovie Load (0.2ms)[0m  [1mSELECT "movies".* FROM "movies"[0m
  Rendered movies/index.html.erb within layouts/application (2.7ms)
  Rendered layouts/_flash.erb (0.1ms)
Completed 200 OK in 11ms (Views: 10.1ms | ActiveRecord: 0.2ms)


Started GET "/movies?utf8=%E2%9C%93&ratings%5BG%5D=1&commit=Refresh" for 2601:644:401:55c0:c07c:2e2c:166b:b24e at 2022-10-03 23:57:58 +0000
Cannot render console from 2601:644:401:55c0:c07c:2e2c:166b:b24e! Allowed networks: 127.0.0.1, ::1, 127.0.0.0/127.255.255.255
Processing by MoviesController#index as HTML
  Parameters: {"utf8"=>"✓", "ratings"=>{"G"=>"1"}, "commit"=>"Refresh"}
  [1m[35mMovie Load (0.2ms)[0m  SELECT "movies".* FROM "movies"
  Rendered movies/index.html.erb within layouts/application (2.5ms)
  Rendered layouts/_flash.erb (0.1ms)
Completed 200 OK in 10ms (Views: 9.3ms | ActiveRecord: 0.2ms)


Started GET "/movies?utf8=%E2%9C%93&ratings%5BG%5D=1&commit=Refresh" for 2601:644:401:55c0:c07c:2e2c:166b:b24e at 2022-10-03 23:59:08 +0000
Cannot render console from 2601:644:401:55c0:c07c:2e2c:166b:b24e! Allowed networks: 127.0.0.1, ::1, 127.0.0.0/127.255.255.255
Processing by MoviesController#index as HTML
  Parameters: {"utf8"=>"✓", "ratings"=>{"G"=>"1"}, "commit"=>"Refresh"}
Completed 500 Internal Server Error in 2ms (ActiveRecord: 0.0ms)

NoMethodError (undefined method `keys' for nil:NilClass):
  app/controllers/movies_controller.rb:10:in `index'


  Rendered /home/codio/.rvm/gems/ruby-2.6.6/gems/actionpack-4.2.11/lib/action_dispatch/middleware/templates/rescues/_source.erb (4.1ms)
  Rendered /home/codio/.rvm/gems/ruby-2.6.6/gems/actionpack-4.2.11/lib/action_dispatch/middleware/templates/rescues/_trace.html.erb (2.0ms)
  Rendered /home/codio/.rvm/gems/ruby-2.6.6/gems/actionpack-4.2.11/lib/action_dispatch/middleware/templates/rescues/_request_and_response.html.erb (1.1ms)
  Rendered /home/codio/.rvm/gems/ruby-2.6.6/gems/actionpack-4.2.11/lib/action_dispatch/middleware/templates/rescues/diagnostics.html.erb within rescues/layout (14.7ms)


Started GET "/movies?utf8=%E2%9C%93&ratings%5BG%5D=1&commit=Refresh" for 2601:644:401:55c0:c07c:2e2c:166b:b24e at 2022-10-03 23:59:46 +0000
Cannot render console from 2601:644:401:55c0:c07c:2e2c:166b:b24e! Allowed networks: 127.0.0.1, ::1, 127.0.0.0/127.255.255.255
Processing by MoviesController#index as HTML
  Parameters: {"utf8"=>"✓", "ratings"=>{"G"=>"1"}, "commit"=>"Refresh"}
Completed 500 Internal Server Error in 13ms (ActiveRecord: 0.0ms)

NoMethodError (undefined method `with_rating' for #<Class:0x00007f57027e6e08>
Did you mean?  with_ratings):
  app/controllers/movies_controller.rb:15:in `index'


  Rendered /home/codio/.rvm/gems/ruby-2.6.6/gems/actionpack-4.2.11/lib/action_dispatch/middleware/templates/rescues/_source.erb (5.2ms)
  Rendered /home/codio/.rvm/gems/ruby-2.6.6/gems/actionpack-4.2.11/lib/action_dispatch/middleware/templates/rescues/_trace.html.erb (23.5ms)
  Rendered /home/codio/.rvm/gems/ruby-2.6.6/gems/actionpack-4.2.11/lib/action_dispatch/middleware/templates/rescues/_request_and_response.html.erb (1.3ms)
  Rendered /home/codio/.rvm/gems/ruby-2.6.6/gems/actionpack-4.2.11/lib/action_dispatch/middleware/templates/rescues/diagnostics.html.erb within rescues/layout (39.3ms)


Started GET "/movies?utf8=%E2%9C%93&ratings%5BG%5D=1&commit=Refresh" for 2601:644:401:55c0:c07c:2e2c:166b:b24e at 2022-10-03 23:59:54 +0000
Cannot render console from 2601:644:401:55c0:c07c:2e2c:166b:b24e! Allowed networks: 127.0.0.1, ::1, 127.0.0.0/127.255.255.255
Processing by MoviesController#index as HTML
  Parameters: {"utf8"=>"✓", "ratings"=>{"G"=>"1"}, "commit"=>"Refresh"}
  [1m[36mMovie Load (0.2ms)[0m  [1mSELECT "movies".* FROM "movies" WHERE "movies"."rating" = ?[0m  [["rating", "f"]]
  Rendered movies/index.html.erb within layouts/application (1.2ms)
  Rendered layouts/_flash.erb (0.1ms)
Completed 200 OK in 21ms (Views: 10.4ms | ActiveRecord: 0.4ms)


Started GET "/movies?utf8=%E2%9C%93&ratings%5BG%5D=1&commit=Refresh" for 2601:644:401:55c0:c07c:2e2c:166b:b24e at 2022-10-03 23:59:57 +0000
Cannot render console from 2601:644:401:55c0:c07c:2e2c:166b:b24e! Allowed networks: 127.0.0.1, ::1, 127.0.0.0/127.255.255.255
Processing by MoviesController#index as HTML
  Parameters: {"utf8"=>"✓", "ratings"=>{"G"=>"1"}, "commit"=>"Refresh"}
  [1m[35mMovie Load (0.1ms)[0m  SELECT "movies".* FROM "movies" WHERE "movies"."rating" = ?  [["rating", "f"]]
  Rendered movies/index.html.erb within layouts/application (1.0ms)
  Rendered layouts/_flash.erb (0.1ms)
Completed 200 OK in 8ms (Views: 7.4ms | ActiveRecord: 0.1ms)


Started GET "/movies?utf8=%E2%9C%93&ratings%5BG%5D=1&commit=Refresh" for 2601:644:401:55c0:c07c:2e2c:166b:b24e at 2022-10-03 23:59:59 +0000
Cannot render console from 2601:644:401:55c0:c07c:2e2c:166b:b24e! Allowed networks: 127.0.0.1, ::1, 127.0.0.0/127.255.255.255
Processing by MoviesController#index as HTML
  Parameters: {"utf8"=>"✓", "ratings"=>{"G"=>"1"}, "commit"=>"Refresh"}
  [1m[36mMovie Load (0.1ms)[0m  [1mSELECT "movies".* FROM "movies" WHERE "movies"."rating" = ?[0m  [["rating", "f"]]
  Rendered movies/index.html.erb within layouts/application (0.9ms)
  Rendered layouts/_flash.erb (0.1ms)
Completed 200 OK in 8ms (Views: 7.3ms | ActiveRecord: 0.1ms)


Started GET "/movies?utf8=%E2%9C%93&ratings%5BG%5D=1&commit=Refresh" for 2601:644:401:55c0:c07c:2e2c:166b:b24e at 2022-10-04 00:03:41 +0000
Cannot render console from 2601:644:401:55c0:c07c:2e2c:166b:b24e! Allowed networks: 127.0.0.1, ::1, 127.0.0.0/127.255.255.255
Processing by MoviesController#index as HTML
  Parameters: {"utf8"=>"✓", "ratings"=>{"G"=>"1"}, "commit"=>"Refresh"}
Completed 500 Internal Server Error in 2ms (ActiveRecord: 0.0ms)

NoMethodError (undefined method `keys' for nil:NilClass):
  app/controllers/movies_controller.rb:10:in `index'


  Rendered /home/codio/.rvm/gems/ruby-2.6.6/gems/actionpack-4.2.11/lib/action_dispatch/middleware/templates/rescues/_source.erb (3.9ms)
  Rendered /home/codio/.rvm/gems/ruby-2.6.6/gems/actionpack-4.2.11/lib/action_dispatch/middleware/templates/rescues/_trace.html.erb (1.8ms)
  Rendered /home/codio/.rvm/gems/ruby-2.6.6/gems/actionpack-4.2.11/lib/action_dispatch/middleware/templates/rescues/_request_and_response.html.erb (1.0ms)
  Rendered /home/codio/.rvm/gems/ruby-2.6.6/gems/actionpack-4.2.11/lib/action_dispatch/middleware/templates/rescues/diagnostics.html.erb within rescues/layout (13.6ms)


Started GET "/movies?utf8=%E2%9C%93&ratings%5BG%5D=1&commit=Refresh" for 2601:644:401:55c0:c07c:2e2c:166b:b24e at 2022-10-04 00:04:02 +0000
Cannot render console from 2601:644:401:55c0:c07c:2e2c:166b:b24e! Allowed networks: 127.0.0.1, ::1, 127.0.0.0/127.255.255.255
Processing by MoviesController#index as HTML
  Parameters: {"utf8"=>"✓", "ratings"=>{"G"=>"1"}, "commit"=>"Refresh"}
  [1m[35mMovie Load (0.2ms)[0m  SELECT "movies".* FROM "movies" WHERE "movies"."rating" = ?  [["rating", "t"]]
  Rendered movies/index.html.erb within layouts/application (1.5ms)
  Rendered layouts/_flash.erb (0.1ms)
Completed 200 OK in 17ms (Views: 13.3ms | ActiveRecord: 0.5ms)


Started GET "/movies?utf8=%E2%9C%93&ratings%5BG%5D=1&commit=Refresh" for 2601:644:401:55c0:c07c:2e2c:166b:b24e at 2022-10-04 00:04:04 +0000
Cannot render console from 2601:644:401:55c0:c07c:2e2c:166b:b24e! Allowed networks: 127.0.0.1, ::1, 127.0.0.0/127.255.255.255
Processing by MoviesController#index as HTML
  Parameters: {"utf8"=>"✓", "ratings"=>{"G"=>"1"}, "commit"=>"Refresh"}
  [1m[36mMovie Load (0.1ms)[0m  [1mSELECT "movies".* FROM "movies" WHERE "movies"."rating" = ?[0m  [["rating", "t"]]
  Rendered movies/index.html.erb within layouts/application (1.0ms)
  Rendered layouts/_flash.erb (0.0ms)
Completed 200 OK in 8ms (Views: 7.1ms | ActiveRecord: 0.1ms)


Started GET "/movies?utf8=%E2%9C%93&ratings%5BG%5D=1&ratings%5BPG%5D=1&commit=Refresh" for 2601:644:401:55c0:c07c:2e2c:166b:b24e at 2022-10-04 00:04:06 +0000
Cannot render console from 2601:644:401:55c0:c07c:2e2c:166b:b24e! Allowed networks: 127.0.0.1, ::1, 127.0.0.0/127.255.255.255
Processing by MoviesController#index as HTML
  Parameters: {"utf8"=>"✓", "ratings"=>{"G"=>"1", "PG"=>"1"}, "commit"=>"Refresh"}
  [1m[35mMovie Load (0.1ms)[0m  SELECT "movies".* FROM "movies" WHERE "movies"."rating" = ?  [["rating", "t"]]
  Rendered movies/index.html.erb within layouts/application (0.9ms)
  Rendered layouts/_flash.erb (0.1ms)
Completed 200 OK in 8ms (Views: 7.3ms | ActiveRecord: 0.1ms)


Started GET "/movies?utf8=%E2%9C%93&ratings%5BG%5D=1&ratings%5BPG%5D=1&commit=Refresh" for 2601:644:401:55c0:c07c:2e2c:166b:b24e at 2022-10-04 00:08:13 +0000
Cannot render console from 2601:644:401:55c0:c07c:2e2c:166b:b24e! Allowed networks: 127.0.0.1, ::1, 127.0.0.0/127.255.255.255
Processing by MoviesController#index as HTML
  Parameters: {"utf8"=>"✓", "ratings"=>{"G"=>"1", "PG"=>"1"}, "commit"=>"Refresh"}
  [1m[36mMovie Load (0.1ms)[0m  [1mSELECT "movies".* FROM "movies" WHERE "movies"."rating" IN ('G', 'PG')[0m
  Rendered movies/index.html.erb within layouts/application (5.7ms)
  Rendered layouts/_flash.erb (0.1ms)
Completed 200 OK in 16ms (Views: 13.9ms | ActiveRecord: 0.5ms)


Started GET "/movies?utf8=%E2%9C%93&ratings%5BG%5D=1&commit=Refresh" for 2601:644:401:55c0:c07c:2e2c:166b:b24e at 2022-10-04 00:08:15 +0000
Cannot render console from 2601:644:401:55c0:c07c:2e2c:166b:b24e! Allowed networks: 127.0.0.1, ::1, 127.0.0.0/127.255.255.255
Processing by MoviesController#index as HTML
  Parameters: {"utf8"=>"✓", "ratings"=>{"G"=>"1"}, "commit"=>"Refresh"}
  [1m[35mMovie Load (0.2ms)[0m  SELECT "movies".* FROM "movies" WHERE "movies"."rating" = 'G'
  Rendered movies/index.html.erb within layouts/application (1.5ms)
  Rendered layouts/_flash.erb (0.1ms)
Completed 200 OK in 9ms (Views: 8.0ms | ActiveRecord: 0.2ms)


Started GET "/movies?utf8=%E2%9C%93&ratings%5BG%5D=1&ratings%5BPG%5D=1&ratings%5BPG-13%5D=1&commit=Refresh" for 2601:644:401:55c0:c07c:2e2c:166b:b24e at 2022-10-04 00:08:18 +0000
Cannot render console from 2601:644:401:55c0:c07c:2e2c:166b:b24e! Allowed networks: 127.0.0.1, ::1, 127.0.0.0/127.255.255.255
Processing by MoviesController#index as HTML
  Parameters: {"utf8"=>"✓", "ratings"=>{"G"=>"1", "PG"=>"1", "PG-13"=>"1"}, "commit"=>"Refresh"}
  [1m[36mMovie Load (0.2ms)[0m  [1mSELECT "movies".* FROM "movies" WHERE "movies"."rating" IN ('G', 'PG', 'PG-13')[0m
  Rendered movies/index.html.erb within layouts/application (2.7ms)
  Rendered layouts/_flash.erb (0.1ms)
Completed 200 OK in 16ms (Views: 15.4ms | ActiveRecord: 0.2ms)


Started GET "/movies?utf8=%E2%9C%93&ratings%5BG%5D=1&ratings%5BPG%5D=1&ratings%5BPG-13%5D=1&ratings%5BR%5D=1&commit=Refresh" for 2601:644:401:55c0:c07c:2e2c:166b:b24e at 2022-10-04 00:08:20 +0000
Cannot render console from 2601:644:401:55c0:c07c:2e2c:166b:b24e! Allowed networks: 127.0.0.1, ::1, 127.0.0.0/127.255.255.255
Processing by MoviesController#index as HTML
  Parameters: {"utf8"=>"✓", "ratings"=>{"G"=>"1", "PG"=>"1", "PG-13"=>"1", "R"=>"1"}, "commit"=>"Refresh"}
  [1m[35mMovie Load (0.3ms)[0m  SELECT "movies".* FROM "movies" WHERE "movies"."rating" IN ('G', 'PG', 'PG-13', 'R')
  Rendered movies/index.html.erb within layouts/application (3.1ms)
  Rendered layouts/_flash.erb (0.1ms)
Completed 200 OK in 12ms (Views: 11.5ms | ActiveRecord: 0.3ms)
